<?xml version="1.0" encoding="UTF-8"?>
<coverage generated="1694959256079" clover="3.2.0">
  <project timestamp="1694959256080" name="All files">
    <metrics statements="79" coveredstatements="72" conditionals="31" coveredconditionals="22" methods="26" coveredmethods="20" elements="136" coveredelements="114" complexity="0" loc="79" ncloc="79" packages="2" files="2" classes="2"/>
    <package name="locale">
      <metrics statements="8" coveredstatements="8" conditionals="0" coveredconditionals="0" methods="0" coveredmethods="0"/>
      <file name="i18n.ts" path="C:\Project\mindbox_todo\todo\src\locale\i18n.ts">
        <metrics statements="8" coveredstatements="8" conditionals="0" coveredconditionals="0" methods="0" coveredmethods="0"/>
        <line num="1" count="1" type="stmt"/>
        <line num="2" count="1" type="stmt"/>
        <line num="3" count="1" type="stmt"/>
        <line num="5" count="1" type="stmt"/>
        <line num="6" count="1" type="stmt"/>
        <line num="8" count="1" type="stmt"/>
        <line num="17" count="1" type="stmt"/>
        <line num="28" count="1" type="stmt"/>
      </file>
    </package>
    <package name="pages.MainToDo">
      <metrics statements="71" coveredstatements="64" conditionals="31" coveredconditionals="22" methods="26" coveredmethods="20"/>
      <file name="index.tsx" path="C:\Project\mindbox_todo\todo\src\pages\MainToDo\index.tsx">
        <metrics statements="71" coveredstatements="64" conditionals="31" coveredconditionals="22" methods="26" coveredmethods="20"/>
        <line num="1" count="1" type="stmt"/>
        <line num="2" count="1" type="stmt"/>
        <line num="3" count="1" type="stmt"/>
        <line num="4" count="1" type="stmt"/>
        <line num="5" count="1" type="stmt"/>
        <line num="6" count="1" type="stmt"/>
        <line num="7" count="1" type="stmt"/>
        <line num="9" count="1" type="stmt"/>
        <line num="22" count="1" type="cond" truecount="2" falsecount="0"/>
        <line num="23" count="1" type="stmt"/>
        <line num="24" count="1" type="stmt"/>
        <line num="25" count="1" type="stmt"/>
        <line num="33" count="1" type="stmt"/>
        <line num="34" count="55" type="stmt"/>
        <line num="35" count="7" type="cond" truecount="2" falsecount="0"/>
        <line num="39" count="1" type="stmt"/>
        <line num="40" count="55" type="stmt"/>
        <line num="42" count="55" type="stmt"/>
        <line num="43" count="55" type="stmt"/>
        <line num="44" count="55" type="stmt"/>
        <line num="48" count="55" type="stmt"/>
        <line num="49" count="55" type="stmt"/>
        <line num="50" count="55" type="stmt"/>
        <line num="52" count="55" type="stmt"/>
        <line num="53" count="55" type="stmt"/>
        <line num="55" count="55" type="stmt"/>
        <line num="56" count="55" type="stmt"/>
        <line num="58" count="55" type="stmt"/>
        <line num="64" count="55" type="stmt"/>
        <line num="65" count="1" type="stmt"/>
        <line num="71" count="1" type="stmt"/>
        <line num="74" count="55" type="stmt"/>
        <line num="75" count="23" type="cond" truecount="3" falsecount="0"/>
        <line num="76" count="1" type="stmt"/>
        <line num="77" count="1" type="stmt"/>
        <line num="79" count="1" type="stmt"/>
        <line num="81" count="1" type="stmt"/>
        <line num="85" count="55" type="stmt"/>
        <line num="86" count="1" type="stmt"/>
        <line num="87" count="1" type="stmt"/>
        <line num="88" count="1" type="stmt"/>
        <line num="91" count="55" type="stmt"/>
        <line num="92" count="1" type="stmt"/>
        <line num="93" count="1" type="stmt"/>
        <line num="96" count="55" type="stmt"/>
        <line num="97" count="1" type="stmt"/>
        <line num="98" count="0" type="stmt"/>
        <line num="101" count="55" type="stmt"/>
        <line num="102" count="0" type="stmt"/>
        <line num="105" count="55" type="stmt"/>
        <line num="106" count="18" type="stmt"/>
        <line num="107" count="16" type="stmt"/>
        <line num="109" count="24" type="stmt"/>
        <line num="110" count="16" type="stmt"/>
        <line num="113" count="18" type="stmt"/>
        <line num="116" count="55" type="stmt"/>
        <line num="117" count="20" type="stmt"/>
        <line num="121" count="1" type="stmt"/>
        <line num="122" count="1" type="stmt"/>
        <line num="123" count="0" type="stmt"/>
        <line num="132" count="9" type="cond" truecount="2" falsecount="0"/>
        <line num="145" count="0" type="stmt"/>
        <line num="163" count="1" type="stmt"/>
        <line num="187" count="55" type="stmt"/>
        <line num="195" count="22" type="stmt"/>
        <line num="205" count="20" type="stmt"/>
        <line num="210" count="0" type="cond" truecount="0" falsecount="2"/>
        <line num="216" count="0" type="cond" truecount="0" falsecount="2"/>
        <line num="236" count="0" type="cond" truecount="0" falsecount="2"/>
        <line num="245" count="1" type="stmt"/>
        <line num="256" count="1" type="stmt"/>
      </file>
    </package>
  </project>
</coverage>
