{"C:\\Project\\mindbox_todo\\todo\\src\\locale\\i18n.ts": {"path":"C:\\Project\\mindbox_todo\\todo\\src\\locale\\i18n.ts","statementMap":{"0":{"start":{"line":1,"column":0},"end":{"line":1,"column":27}},"1":{"start":{"line":2,"column":0},"end":{"line":2,"column":56}},"2":{"start":{"line":3,"column":0},"end":{"line":3,"column":49}},"3":{"start":{"line":5,"column":0},"end":{"line":5,"column":48}},"4":{"start":{"line":6,"column":0},"end":{"line":6,"column":48}},"5":{"start":{"line":8,"column":18},"end":{"line":15,"column":2}},"6":{"start":{"line":17,"column":0},"end":{"line":26,"column":5}},"7":{"start":{"line":28,"column":0},"end":{"line":28,"column":20}}},"fnMap":{},"branchMap":{},"s":{"0":1,"1":1,"2":1,"3":1,"4":1,"5":1,"6":1,"7":1},"f":{},"b":{}}
,"C:\\Project\\mindbox_todo\\todo\\src\\pages\\MainToDo\\index.tsx": {"path":"C:\\Project\\mindbox_todo\\todo\\src\\pages\\MainToDo\\index.tsx","statementMap":{"0":{"start":{"line":1,"column":0},"end":{"line":1,"column":70}},"1":{"start":{"line":2,"column":0},"end":{"line":2,"column":34}},"2":{"start":{"line":3,"column":0},"end":{"line":3,"column":47}},"3":{"start":{"line":4,"column":0},"end":{"line":4,"column":28}},"4":{"start":{"line":5,"column":0},"end":{"line":5,"column":34}},"5":{"start":{"line":6,"column":0},"end":{"line":6,"column":26}},"6":{"start":{"line":7,"column":0},"end":{"line":7,"column":48}},"7":{"start":{"line":9,"column":0},"end":{"line":9,"column":41}},"8":{"start":{"line":22,"column":0},"end":{"line":22,"column":null}},"9":{"start":{"line":23,"column":2},"end":{"line":23,"column":null}},"10":{"start":{"line":24,"column":2},"end":{"line":24,"column":null}},"11":{"start":{"line":25,"column":2},"end":{"line":25,"column":null}},"12":{"start":{"line":33,"column":23},"end":{"line":37,"column":1}},"13":{"start":{"line":34,"column":2},"end":{"line":36,"column":12}},"14":{"start":{"line":35,"column":4},"end":{"line":35,"column":44}},"15":{"start":{"line":39,"column":27},"end":{"line":254,"column":1}},"16":{"start":{"line":40,"column":16},"end":{"line":40,"column":32}},"17":{"start":{"line":42,"column":34},"end":{"line":42,"column":55}},"18":{"start":{"line":43,"column":40},"end":{"line":43,"column":59}},"19":{"start":{"line":44,"column":42},"end":{"line":47,"column":4}},"20":{"start":{"line":48,"column":36},"end":{"line":48,"column":56}},"21":{"start":{"line":49,"column":38},"end":{"line":49,"column":61}},"22":{"start":{"line":50,"column":36},"end":{"line":50,"column":64}},"23":{"start":{"line":52,"column":20},"end":{"line":52,"column":32}},"24":{"start":{"line":53,"column":2},"end":{"line":53,"column":28}},"25":{"start":{"line":55,"column":13},"end":{"line":55,"column":32}},"26":{"start":{"line":56,"column":2},"end":{"line":56,"column":56}},"27":{"start":{"line":58,"column":35},"end":{"line":62,"column":4}},"28":{"start":{"line":64,"column":18},"end":{"line":72,"column":3}},"29":{"start":{"line":65,"column":24},"end":{"line":69,"column":6}},"30":{"start":{"line":71,"column":4},"end":{"line":71,"column":16}},"31":{"start":{"line":74,"column":24},"end":{"line":83,"column":3}},"32":{"start":{"line":75,"column":4},"end":{"line":82,"column":null}},"33":{"start":{"line":76,"column":19},"end":{"line":76,"column":37}},"34":{"start":{"line":77,"column":6},"end":{"line":77,"column":35}},"35":{"start":{"line":79,"column":6},"end":{"line":79,"column":23}},"36":{"start":{"line":81,"column":6},"end":{"line":81,"column":26}},"37":{"start":{"line":85,"column":21},"end":{"line":89,"column":3}},"38":{"start":{"line":86,"column":24},"end":{"line":86,"column":50}},"39":{"start":{"line":87,"column":4},"end":{"line":87,"column":56}},"40":{"start":{"line":88,"column":4},"end":{"line":88,"column":24}},"41":{"start":{"line":91,"column":21},"end":{"line":94,"column":3}},"42":{"start":{"line":92,"column":4},"end":{"line":92,"column":34}},"43":{"start":{"line":93,"column":4},"end":{"line":93,"column":24}},"44":{"start":{"line":96,"column":24},"end":{"line":99,"column":3}},"45":{"start":{"line":97,"column":4},"end":{"line":97,"column":31}},"46":{"start":{"line":98,"column":4},"end":{"line":98,"column":24}},"47":{"start":{"line":101,"column":29},"end":{"line":103,"column":3}},"48":{"start":{"line":102,"column":4},"end":{"line":102,"column":23}},"49":{"start":{"line":105,"column":2},"end":{"line":114,"column":19}},"50":{"start":{"line":106,"column":4},"end":{"line":111,"column":7}},"51":{"start":{"line":107,"column":6},"end":{"line":107,"column":25}},"52":{"start":{"line":109,"column":21},"end":{"line":109,"column":71}},"53":{"start":{"line":109,"column":51},"end":{"line":109,"column":70}},"54":{"start":{"line":110,"column":6},"end":{"line":110,"column":36}},"55":{"start":{"line":113,"column":4},"end":{"line":113,"column":25}},"56":{"start":{"line":116,"column":21},"end":{"line":185,"column":3}},"57":{"start":{"line":117,"column":4},"end":{"line":184,"column":6}},"58":{"start":{"line":121,"column":27},"end":{"line":121,"column":46}},"59":{"start":{"line":122,"column":32},"end":{"line":122,"column":78}},"60":{"start":{"line":123,"column":32},"end":{"line":123,"column":48}},"61":{"start":{"line":132,"column":43},"end":{"line":132,"column":65}},"62":{"start":{"line":145,"column":30},"end":{"line":145,"column":49}},"63":{"start":{"line":163,"column":27},"end":{"line":163,"column":46}},"64":{"start":{"line":187,"column":2},"end":{"line":253,"column":4}},"65":{"start":{"line":195,"column":29},"end":{"line":195,"column":57}},"66":{"start":{"line":205,"column":38},"end":{"line":205,"column":54}},"67":{"start":{"line":210,"column":38},"end":{"line":210,"column":77}},"68":{"start":{"line":216,"column":38},"end":{"line":216,"column":76}},"69":{"start":{"line":236,"column":16},"end":{"line":236,"column":51}},"70":{"start":{"line":245,"column":29},"end":{"line":245,"column":44}},"71":{"start":{"line":256,"column":0},"end":{"line":256,"column":24}}},"fnMap":{"0":{"name":"(anonymous_1)","decl":{"start":{"line":22,"column":0},"end":{"line":22,"column":5}},"loc":{"start":{"line":22,"column":23},"end":{"line":26,"column":1}}},"1":{"name":"(anonymous_2)","decl":{"start":{"line":33,"column":23},"end":{"line":33,"column":24}},"loc":{"start":{"line":33,"column":62},"end":{"line":37,"column":1}}},"2":{"name":"(anonymous_3)","decl":{"start":{"line":34,"column":12},"end":{"line":34,"column":15}},"loc":{"start":{"line":34,"column":17},"end":{"line":36,"column":3}}},"3":{"name":"(anonymous_4)","decl":{"start":{"line":39,"column":27},"end":{"line":39,"column":30}},"loc":{"start":{"line":39,"column":32},"end":{"line":254,"column":1}}},"4":{"name":"(anonymous_5)","decl":{"start":{"line":64,"column":18},"end":{"line":64,"column":19}},"loc":{"start":{"line":64,"column":42},"end":{"line":72,"column":3}}},"5":{"name":"(anonymous_6)","decl":{"start":{"line":74,"column":24},"end":{"line":74,"column":29}},"loc":{"start":{"line":74,"column":76},"end":{"line":83,"column":3}}},"6":{"name":"(anonymous_7)","decl":{"start":{"line":85,"column":21},"end":{"line":85,"column":26}},"loc":{"start":{"line":85,"column":57},"end":{"line":89,"column":3}}},"7":{"name":"(anonymous_8)","decl":{"start":{"line":91,"column":21},"end":{"line":91,"column":26}},"loc":{"start":{"line":91,"column":57},"end":{"line":94,"column":3}}},"8":{"name":"(anonymous_9)","decl":{"start":{"line":96,"column":24},"end":{"line":96,"column":29}},"loc":{"start":{"line":96,"column":50},"end":{"line":99,"column":3}}},"9":{"name":"(anonymous_10)","decl":{"start":{"line":101,"column":29},"end":{"line":101,"column":30}},"loc":{"start":{"line":101,"column":56},"end":{"line":103,"column":3}}},"10":{"name":"(anonymous_11)","decl":{"start":{"line":105,"column":12},"end":{"line":105,"column":15}},"loc":{"start":{"line":105,"column":17},"end":{"line":114,"column":3}}},"11":{"name":"(anonymous_12)","decl":{"start":{"line":106,"column":32},"end":{"line":106,"column":33}},"loc":{"start":{"line":106,"column":51},"end":{"line":111,"column":5}}},"12":{"name":"(anonymous_13)","decl":{"start":{"line":109,"column":34},"end":{"line":109,"column":35}},"loc":{"start":{"line":109,"column":51},"end":{"line":109,"column":70}}},"13":{"name":"(anonymous_14)","decl":{"start":{"line":116,"column":21},"end":{"line":116,"column":22}},"loc":{"start":{"line":116,"column":50},"end":{"line":185,"column":3}}},"14":{"name":"(anonymous_15)","decl":{"start":{"line":121,"column":21},"end":{"line":121,"column":24}},"loc":{"start":{"line":121,"column":27},"end":{"line":121,"column":46}}},"15":{"name":"(anonymous_16)","decl":{"start":{"line":122,"column":26},"end":{"line":122,"column":29}},"loc":{"start":{"line":122,"column":32},"end":{"line":122,"column":78}}},"16":{"name":"(anonymous_17)","decl":{"start":{"line":123,"column":26},"end":{"line":123,"column":29}},"loc":{"start":{"line":123,"column":32},"end":{"line":123,"column":48}}},"17":{"name":"(anonymous_18)","decl":{"start":{"line":132,"column":30},"end":{"line":132,"column":31}},"loc":{"start":{"line":132,"column":43},"end":{"line":132,"column":65}}},"18":{"name":"(anonymous_19)","decl":{"start":{"line":145,"column":24},"end":{"line":145,"column":27}},"loc":{"start":{"line":145,"column":30},"end":{"line":145,"column":49}}},"19":{"name":"(anonymous_20)","decl":{"start":{"line":163,"column":21},"end":{"line":163,"column":24}},"loc":{"start":{"line":163,"column":27},"end":{"line":163,"column":46}}},"20":{"name":"(anonymous_21)","decl":{"start":{"line":195,"column":22},"end":{"line":195,"column":23}},"loc":{"start":{"line":195,"column":29},"end":{"line":195,"column":57}}},"21":{"name":"(anonymous_22)","decl":{"start":{"line":205,"column":28},"end":{"line":205,"column":29}},"loc":{"start":{"line":205,"column":38},"end":{"line":205,"column":54}}},"22":{"name":"(anonymous_23)","decl":{"start":{"line":210,"column":28},"end":{"line":210,"column":29}},"loc":{"start":{"line":210,"column":38},"end":{"line":210,"column":77}}},"23":{"name":"(anonymous_24)","decl":{"start":{"line":216,"column":28},"end":{"line":216,"column":29}},"loc":{"start":{"line":216,"column":38},"end":{"line":216,"column":76}}},"24":{"name":"(anonymous_25)","decl":{"start":{"line":235,"column":24},"end":{"line":235,"column":25}},"loc":{"start":{"line":236,"column":16},"end":{"line":236,"column":51}}},"25":{"name":"(anonymous_26)","decl":{"start":{"line":245,"column":23},"end":{"line":245,"column":26}},"loc":{"start":{"line":245,"column":29},"end":{"line":245,"column":44}}}},"branchMap":{"0":{"loc":{"start":{"line":22,"column":5},"end":{"line":22,"column":null}},"type":"binary-expr","locations":[{"start":{"line":22,"column":5},"end":{"line":22,"column":23}},{"start":{"line":22,"column":5},"end":{"line":22,"column":null}}]},"1":{"loc":{"start":{"line":35,"column":4},"end":{"line":35,"column":43}},"type":"binary-expr","locations":[{"start":{"line":35,"column":4},"end":{"line":35,"column":15}},{"start":{"line":35,"column":19},"end":{"line":35,"column":43}}]},"2":{"loc":{"start":{"line":75,"column":4},"end":{"line":82,"column":null}},"type":"if","locations":[{"start":{"line":75,"column":4},"end":{"line":82,"column":null}}]},"3":{"loc":{"start":{"line":75,"column":8},"end":{"line":75,"column":42}},"type":"binary-expr","locations":[{"start":{"line":75,"column":8},"end":{"line":75,"column":29}},{"start":{"line":75,"column":33},"end":{"line":75,"column":42}}]},"4":{"loc":{"start":{"line":118,"column":38},"end":{"line":118,"column":62}},"type":"binary-expr","locations":[{"start":{"line":118,"column":38},"end":{"line":118,"column":47}},{"start":{"line":118,"column":51},"end":{"line":118,"column":62}}]},"5":{"loc":{"start":{"line":119,"column":9},"end":{"line":158,"column":null}},"type":"cond-expr","locations":[{"start":{"line":120,"column":10},"end":{"line":142,"column":null}},{"start":{"line":145,"column":10},"end":{"line":157,"column":null}}]},"6":{"loc":{"start":{"line":132,"column":15},"end":{"line":136,"column":null}},"type":"binary-expr","locations":[{"start":{"line":132,"column":15},"end":{"line":132,"column":75}},{"start":{"line":133,"column":16},"end":{"line":135,"column":null}}]},"7":{"loc":{"start":{"line":204,"column":11},"end":{"line":205,"column":null}},"type":"binary-expr","locations":[{"start":{"line":204,"column":11},"end":{"line":204,"column":56}},{"start":{"line":205,"column":12},"end":{"line":205,"column":59}}]},"8":{"loc":{"start":{"line":208,"column":11},"end":{"line":211,"column":null}},"type":"binary-expr","locations":[{"start":{"line":208,"column":11},"end":{"line":208,"column":59}},{"start":{"line":209,"column":12},"end":{"line":210,"column":null}}]},"9":{"loc":{"start":{"line":210,"column":38},"end":{"line":210,"column":77}},"type":"binary-expr","locations":[{"start":{"line":210,"column":38},"end":{"line":210,"column":57}},{"start":{"line":210,"column":61},"end":{"line":210,"column":77}}]},"10":{"loc":{"start":{"line":214,"column":11},"end":{"line":217,"column":null}},"type":"binary-expr","locations":[{"start":{"line":214,"column":11},"end":{"line":214,"column":57}},{"start":{"line":215,"column":12},"end":{"line":216,"column":null}}]},"11":{"loc":{"start":{"line":216,"column":38},"end":{"line":216,"column":76}},"type":"binary-expr","locations":[{"start":{"line":216,"column":38},"end":{"line":216,"column":56}},{"start":{"line":216,"column":60},"end":{"line":216,"column":76}}]},"12":{"loc":{"start":{"line":223,"column":13},"end":{"line":229,"column":55}},"type":"cond-expr","locations":[{"start":{"line":224,"column":16},"end":{"line":224,"column":28}},{"start":{"line":225,"column":16},"end":{"line":229,"column":55}}]},"13":{"loc":{"start":{"line":225,"column":16},"end":{"line":229,"column":55}},"type":"cond-expr","locations":[{"start":{"line":226,"column":16},"end":{"line":226,"column":52}},{"start":{"line":227,"column":16},"end":{"line":229,"column":55}}]},"14":{"loc":{"start":{"line":227,"column":16},"end":{"line":229,"column":55}},"type":"cond-expr","locations":[{"start":{"line":228,"column":16},"end":{"line":228,"column":54}},{"start":{"line":229,"column":16},"end":{"line":229,"column":55}}]},"15":{"loc":{"start":{"line":236,"column":16},"end":{"line":236,"column":51}},"type":"binary-expr","locations":[{"start":{"line":236,"column":16},"end":{"line":236,"column":26}},{"start":{"line":236,"column":30},"end":{"line":236,"column":51}}]}},"s":{"0":1,"1":1,"2":1,"3":1,"4":1,"5":1,"6":1,"7":1,"8":1,"9":1,"10":1,"11":1,"12":1,"13":55,"14":7,"15":1,"16":55,"17":55,"18":55,"19":55,"20":55,"21":55,"22":55,"23":55,"24":55,"25":55,"26":55,"27":55,"28":55,"29":1,"30":1,"31":55,"32":23,"33":1,"34":1,"35":1,"36":1,"37":55,"38":1,"39":1,"40":1,"41":55,"42":1,"43":1,"44":55,"45":1,"46":0,"47":55,"48":0,"49":55,"50":18,"51":16,"52":16,"53":24,"54":16,"55":18,"56":55,"57":20,"58":1,"59":1,"60":0,"61":9,"62":0,"63":1,"64":55,"65":22,"66":20,"67":0,"68":0,"69":0,"70":1,"71":1},"f":{"0":1,"1":55,"2":7,"3":55,"4":1,"5":23,"6":1,"7":1,"8":1,"9":0,"10":18,"11":16,"12":24,"13":20,"14":1,"15":1,"16":0,"17":9,"18":0,"19":1,"20":22,"21":20,"22":0,"23":0,"24":0,"25":1},"b":{"0":[1,1],"1":[7,7],"2":[1],"3":[23,1],"4":[20,3],"5":[17,3],"6":[17,4],"7":[55,55],"8":[55,0],"9":[0,0],"10":[55,0],"11":[0,0],"12":[44,11],"13":[5,6],"14":[6,0],"15":[0,0]}}
}
