TN:
SF:src\locale\i18n.ts
FNF:0
FNH:0
DA:1,1
DA:2,1
DA:3,1
DA:5,1
DA:6,1
DA:8,1
DA:17,1
DA:28,1
LF:8
LH:8
BRF:0
BRH:0
end_of_record
TN:
SF:src\pages\MainToDo\index.tsx
FN:22,(anonymous_1)
FN:33,(anonymous_2)
FN:34,(anonymous_3)
FN:39,(anonymous_4)
FN:64,(anonymous_5)
FN:74,(anonymous_6)
FN:85,(anonymous_7)
FN:91,(anonymous_8)
FN:96,(anonymous_9)
FN:101,(anonymous_10)
FN:105,(anonymous_11)
FN:106,(anonymous_12)
FN:109,(anonymous_13)
FN:116,(anonymous_14)
FN:121,(anonymous_15)
FN:122,(anonymous_16)
FN:123,(anonymous_17)
FN:132,(anonymous_18)
FN:145,(anonymous_19)
FN:163,(anonymous_20)
FN:195,(anonymous_21)
FN:205,(anonymous_22)
FN:210,(anonymous_23)
FN:216,(anonymous_24)
FN:235,(anonymous_25)
FN:245,(anonymous_26)
FNF:26
FNH:20
FNDA:1,(anonymous_1)
FNDA:55,(anonymous_2)
FNDA:7,(anonymous_3)
FNDA:55,(anonymous_4)
FNDA:1,(anonymous_5)
FNDA:23,(anonymous_6)
FNDA:1,(anonymous_7)
FNDA:1,(anonymous_8)
FNDA:1,(anonymous_9)
FNDA:0,(anonymous_10)
FNDA:18,(anonymous_11)
FNDA:16,(anonymous_12)
FNDA:24,(anonymous_13)
FNDA:20,(anonymous_14)
FNDA:1,(anonymous_15)
FNDA:1,(anonymous_16)
FNDA:0,(anonymous_17)
FNDA:9,(anonymous_18)
FNDA:0,(anonymous_19)
FNDA:1,(anonymous_20)
FNDA:22,(anonymous_21)
FNDA:20,(anonymous_22)
FNDA:0,(anonymous_23)
FNDA:0,(anonymous_24)
FNDA:0,(anonymous_25)
FNDA:1,(anonymous_26)
DA:1,1
DA:2,1
DA:3,1
DA:4,1
DA:5,1
DA:6,1
DA:7,1
DA:9,1
DA:22,1
DA:23,1
DA:24,1
DA:25,1
DA:33,1
DA:34,55
DA:35,7
DA:39,1
DA:40,55
DA:42,55
DA:43,55
DA:44,55
DA:48,55
DA:49,55
DA:50,55
DA:52,55
DA:53,55
DA:55,55
DA:56,55
DA:58,55
DA:64,55
DA:65,1
DA:71,1
DA:74,55
DA:75,23
DA:76,1
DA:77,1
DA:79,1
DA:81,1
DA:85,55
DA:86,1
DA:87,1
DA:88,1
DA:91,55
DA:92,1
DA:93,1
DA:96,55
DA:97,1
DA:98,0
DA:101,55
DA:102,0
DA:105,55
DA:106,18
DA:107,16
DA:109,24
DA:110,16
DA:113,18
DA:116,55
DA:117,20
DA:121,1
DA:122,1
DA:123,0
DA:132,9
DA:145,0
DA:163,1
DA:187,55
DA:195,22
DA:205,20
DA:210,0
DA:216,0
DA:236,0
DA:245,1
DA:256,1
LF:71
LH:64
BRDA:22,0,0,1
BRDA:22,0,1,1
BRDA:35,1,0,7
BRDA:35,1,1,7
BRDA:75,2,0,1
BRDA:75,3,0,23
BRDA:75,3,1,1
BRDA:118,4,0,20
BRDA:118,4,1,3
BRDA:119,5,0,17
BRDA:119,5,1,3
BRDA:132,6,0,17
BRDA:132,6,1,4
BRDA:204,7,0,55
BRDA:204,7,1,55
BRDA:208,8,0,55
BRDA:208,8,1,0
BRDA:210,9,0,0
BRDA:210,9,1,0
BRDA:214,10,0,55
BRDA:214,10,1,0
BRDA:216,11,0,0
BRDA:216,11,1,0
BRDA:223,12,0,44
BRDA:223,12,1,11
BRDA:225,13,0,5
BRDA:225,13,1,6
BRDA:227,14,0,6
BRDA:227,14,1,0
BRDA:236,15,0,0
BRDA:236,15,1,0
BRF:31
BRH:22
end_of_record
